{
  "stats": {
    "suites": 1,
    "tests": 1,
    "passes": 0,
    "pending": 0,
    "failures": 1,
    "start": "2025-02-03T06:12:31.727Z",
    "end": "2025-02-03T06:13:08.647Z",
    "duration": 36920,
    "testsRegistered": 1,
    "passPercent": 0,
    "pendingPercent": 0,
    "other": 0,
    "hasOther": false,
    "skipped": 0,
    "hasSkipped": false
  },
  "results": [
    {
      "uuid": "b77a28ed-20ec-4b77-8a15-375d56db045c",
      "title": "",
      "fullFile": "cypress\\e2e\\scopexTests.cy.js",
      "file": "cypress\\e2e\\scopexTests.cy.js",
      "beforeHooks": [],
      "afterHooks": [],
      "tests": [],
      "suites": [
        {
          "uuid": "cdbb870f-41cb-4440-96e4-c7f7aebbb192",
          "title": "Scopex Money App Tests",
          "fullFile": "",
          "file": "",
          "beforeHooks": [],
          "afterHooks": [],
          "tests": [
            {
              "title": "Login -> Add Recipient -> Logout",
              "fullTitle": "Scopex Money App Tests Login -> Add Recipient -> Logout",
              "timedOut": null,
              "duration": 32934,
              "state": "failed",
              "speed": null,
              "pass": false,
              "fail": true,
              "pending": false,
              "context": null,
              "code": "_LoginPage.default.login();\ncy.fixture('recipientData').then(data => {\n  _RecipientPage.default.addRecipient(data.name, data.nickname, data.account, data.ifsc);\n});\ncy.wait(10000);\n_LogoutPage.default.logout();",
              "err": {
                "message": "CypressError: Timed out retrying after 4050ms: `cy.click()` failed because this element:\n\n`<button type=\"button\" class=\"dashboard-top-menu flex justify-end items-center w-full rounded-md text-sm font-medium text-gray-700 \">...</button>`\n\nis being covered by another element:\n\n`<div class=\"Toastify__toast-body\">...</div>`\n\nFix this problem, or use {force: true} to disable error checking.\n\nhttps://on.cypress.io/element-cannot-be-interacted-with",
                "estack": "CypressError: Timed out retrying after 4050ms: `cy.click()` failed because this element:\n\n`<button type=\"button\" class=\"dashboard-top-menu flex justify-end items-center w-full rounded-md text-sm font-medium text-gray-700 \">...</button>`\n\nis being covered by another element:\n\n`<div class=\"Toastify__toast-body\">...</div>`\n\nFix this problem, or use {force: true} to disable error checking.\n\nhttps://on.cypress.io/element-cannot-be-interacted-with\n    at ensureIsDescendent (https://scopex.money/__cypress/runner/cypress_runner.js:111940:68)\n    at ensureDescendents (https://scopex.money/__cypress/runner/cypress_runner.js:111991:5)\n    at ensureDescendentsAndScroll (https://scopex.money/__cypress/runner/cypress_runner.js:111997:14)\n    at ensureElIsNotCovered (https://scopex.money/__cypress/runner/cypress_runner.js:112128:5)\n    at runAllChecks (https://scopex.money/__cypress/runner/cypress_runner.js:112327:52)\n    at retryActionability (https://scopex.money/__cypress/runner/cypress_runner.js:112364:16)\n    at tryCatcher (https://scopex.money/__cypress/runner/cypress_runner.js:1777:23)\n    at Promise.attempt.Promise.try (https://scopex.money/__cypress/runner/cypress_runner.js:4285:29)\n    at whenStable (https://scopex.money/__cypress/runner/cypress_runner.js:143535:68)\n    at <unknown> (https://scopex.money/__cypress/runner/cypress_runner.js:143476:14)\n    at tryCatcher (https://scopex.money/__cypress/runner/cypress_runner.js:1777:23)\n    at Promise._settlePromiseFromHandler (https://scopex.money/__cypress/runner/cypress_runner.js:1489:31)\n    at Promise._settlePromise (https://scopex.money/__cypress/runner/cypress_runner.js:1546:18)\n    at Promise._settlePromise0 (https://scopex.money/__cypress/runner/cypress_runner.js:1591:10)\n    at Promise._settlePromises (https://scopex.money/__cypress/runner/cypress_runner.js:1671:18)\n    at Promise._fulfill (https://scopex.money/__cypress/runner/cypress_runner.js:1615:18)\n    at <unknown> (https://scopex.money/__cypress/runner/cypress_runner.js:5420:46)\nFrom Your Spec Code:\n    at captureUserInvocationStack (https://scopex.money/__cypress/runner/cypress_runner.js:138885:94)\n    at Assertion.assert (https://scopex.money/__cypress/runner/cypress_runner.js:138913:9)\n    at Assertion.<anonymous> (https://scopex.money/__cypress/runner/cypress_runner.js:138855:25)\n    at Assertion.overwritingPropertyGetter (https://scopex.money/__cypress/runner/cypress_runner.js:78003:37)\nat Reflect.get (<anonymous>)\n    at Object.proxyGetter [as get] (https://scopex.money/__cypress/runner/cypress_runner.js:77869:22)\n    at exists (https://scopex.money/__cypress/runner/cypress_runner.js:142734:26)\n    at elExists (https://scopex.money/__cypress/runner/cypress_runner.js:142749:10)\n    at ensureExistence (https://scopex.money/__cypress/runner/cypress_runner.js:142930:22)\n    at onFailFn (https://scopex.money/__cypress/runner/cypress_runner.js:142959:53)",
                "diff": null
              },
              "uuid": "5ac3288f-e764-4438-ab05-a894460b3c25",
              "parentUUID": "cdbb870f-41cb-4440-96e4-c7f7aebbb192",
              "isHook": false,
              "skipped": false
            }
          ],
          "suites": [],
          "passes": [],
          "failures": [
            "5ac3288f-e764-4438-ab05-a894460b3c25"
          ],
          "pending": [],
          "skipped": [],
          "duration": 32934,
          "root": false,
          "rootEmpty": false,
          "_timeout": 2000
        }
      ],
      "passes": [],
      "failures": [],
      "pending": [],
      "skipped": [],
      "duration": 0,
      "root": true,
      "rootEmpty": true,
      "_timeout": 2000
    }
  ],
  "meta": {
    "mocha": {
      "version": "7.0.1"
    },
    "mochawesome": {
      "options": {
        "quiet": false,
        "reportFilename": "mochawesome",
        "saveHtml": true,
        "saveJson": true,
        "consoleReporter": "spec",
        "useInlineDiffs": false,
        "code": true
      },
      "version": "7.1.3"
    },
    "marge": {
      "options": {
        "reportDir": "cypress/reports",
        "overwrite": true,
        "html": true,
        "json": true
      },
      "version": "6.2.0"
    }
  }
}